Arguments: 
  C:\Program Files\nodejs\node.exe C:\Users\sarouna\AppData\Roaming\npm\node_modules\yarn\bin\yarn.js add ip-request

PATH: 
  C:\WINDOWS\system32;C:\WINDOWS;C:\WINDOWS\System32\Wbem;C:\WINDOWS\System32\WindowsPowerShell\v1.0\;C:\WINDOWS\System32\OpenSSH\;C:\Program Files\nodejs\;C:\Program Files\Git\cmd;C:\Program Files\MongoDB\Server\6.0\bin;C:\Program Files\mongosh\bin;C:\Users\sarouna\AppData\Local\Microsoft\WindowsApps;C:\Users\sarouna\AppData\Roaming\npm;C:\Users\sarouna\AppData\Local\Programs\Microsoft VS Code\bin;C:\Users\sarouna\AppData\Local\GitHubDesktop\bin;C:\Program Files\heroku\bin

Yarn version: 
  1.22.19

Node version: 
  18.12.0

Platform: 
  win32 x64

Trace: 
  Error: https://registry.npmjs.org/ip-request: Not found
      at params.callback [as _callback] (C:\Users\sarouna\AppData\Roaming\npm\node_modules\yarn\lib\cli.js:66145:18)
      at self.callback (C:\Users\sarouna\AppData\Roaming\npm\node_modules\yarn\lib\cli.js:140890:22)
      at Request.emit (node:events:513:28)
      at Request.<anonymous> (C:\Users\sarouna\AppData\Roaming\npm\node_modules\yarn\lib\cli.js:141862:10)
      at Request.emit (node:events:513:28)
      at IncomingMessage.<anonymous> (C:\Users\sarouna\AppData\Roaming\npm\node_modules\yarn\lib\cli.js:141784:12)
      at Object.onceWrapper (node:events:627:28)
      at IncomingMessage.emit (node:events:525:35)
      at endReadableNT (node:internal/streams/readable:1359:12)
      at process.processTicksAndRejections (node:internal/process/task_queues:82:21)

npm manifest: 
  {
    "name": "backend",
    "version": "1.0.0",
    "description": "",
    "main": "index.js",
    "scripts": {
      "test": "echo \"Error: no test specified\" && exit 1",
      "start": "node app.js"
    },
    "author": "",
    "license": "ISC",
    "dependencies": {
      "body-parser": "^1.20.2",
      "cors": "^2.8.5",
      "dotenv": "^16.0.3",
      "ejs": "^3.1.9",
      "express": "^4.18.2",
      "joi": "^17.9.2",
      "mongoose": "^6.8.0",
      "multer": "^1.4.5-lts.1",
      "path": "^0.12.7",
      "uuid": "^9.0.0"
    }
  }

yarn manifest: 
  No manifest

Lockfile: 
  No lockfile
